d:\mestrado\programação concorrrente\raytracing\raytracing\x64\debug\vc142.pdb
d:\mestrado\programação concorrrente\raytracing\raytracing\x64\debug\vc142.idb
d:\mestrado\programação concorrrente\raytracing\raytracing\x64\debug\world.obj
d:\mestrado\programação concorrrente\raytracing\raytracing\x64\debug\vector3.obj
d:\mestrado\programação concorrrente\raytracing\raytracing\x64\debug\sphere.obj
d:\mestrado\programação concorrrente\raytracing\raytracing\x64\debug\ray.obj
d:\mestrado\programação concorrrente\raytracing\raytracing\x64\debug\material.obj
d:\mestrado\programação concorrrente\raytracing\raytracing\x64\debug\lambertian.obj
d:\mestrado\programação concorrrente\raytracing\raytracing\x64\debug\hittable.obj
d:\mestrado\programação concorrrente\raytracing\raytracing\x64\debug\camera.obj
d:\mestrado\programação concorrrente\raytracing\raytracing\x64\debug\raytracing.obj
d:\mestrado\programação concorrrente\raytracing\raytracing\x64\debug\metal.obj
d:\mestrado\programação concorrrente\raytracing\raytracing\x64\debug\dielectric.obj
d:\mestrado\programação concorrrente\raytracing\raytracing\x64\debug\raytracing.ilk
d:\mestrado\programação concorrrente\raytracing\x64\debug\raytracing.exe
d:\mestrado\programação concorrrente\raytracing\x64\debug\raytracing.pdb
d:\mestrado\programação concorrrente\raytracing\raytracing\x64\debug\raytracing.obj.enc
d:\mestrado\programação concorrrente\raytracing\raytracing\x64\debug\raytracing.tlog\cl.command.1.tlog
d:\mestrado\programação concorrrente\raytracing\raytracing\x64\debug\raytracing.tlog\cl.read.1.tlog
d:\mestrado\programação concorrrente\raytracing\raytracing\x64\debug\raytracing.tlog\cl.write.1.tlog
d:\mestrado\programação concorrrente\raytracing\raytracing\x64\debug\raytracing.tlog\link.command.1.tlog
d:\mestrado\programação concorrrente\raytracing\raytracing\x64\debug\raytracing.tlog\link.read.1.tlog
d:\mestrado\programação concorrrente\raytracing\raytracing\x64\debug\raytracing.tlog\link.write.1.tlog
